paired_SRR5650110
55225744 reads; of these:
  55225744 (100.00%) were paired; of these:
    54999465 (99.59%) aligned concordantly 0 times
    100893 (0.18%) aligned concordantly exactly 1 time
    125386 (0.23%) aligned concordantly >1 times
0.41% overall alignment rate
paired_SRR5650111
8263850 reads; of these:
  8263850 (100.00%) were paired; of these:
    8227802 (99.56%) aligned concordantly 0 times
    11628 (0.14%) aligned concordantly exactly 1 time
    24420 (0.30%) aligned concordantly >1 times
0.44% overall alignment rate
paired_SRR5650112
4361936 reads; of these:
  4361936 (100.00%) were paired; of these:
    4316119 (98.95%) aligned concordantly 0 times
    19208 (0.44%) aligned concordantly exactly 1 time
    26609 (0.61%) aligned concordantly >1 times
1.05% overall alignment rate
paired_SRR5650113
21242888 reads; of these:
  21242888 (100.00%) were paired; of these:
    21067782 (99.18%) aligned concordantly 0 times
    75891 (0.36%) aligned concordantly exactly 1 time
    99215 (0.47%) aligned concordantly >1 times
0.82% overall alignment rate
paired_SRR5650114
6657347 reads; of these:
  6657347 (100.00%) were paired; of these:
    6630348 (99.59%) aligned concordantly 0 times
    8377 (0.13%) aligned concordantly exactly 1 time
    18622 (0.28%) aligned concordantly >1 times
0.41% overall alignment rate
paired_SRR5650115
21449662 reads; of these:
  21449662 (100.00%) were paired; of these:
    21328534 (99.44%) aligned concordantly 0 times
    46917 (0.22%) aligned concordantly exactly 1 time
    74211 (0.35%) aligned concordantly >1 times
0.56% overall alignment rate
paired_SRR5650116
7180649 reads; of these:
  7180649 (100.00%) were paired; of these:
    7169654 (99.85%) aligned concordantly 0 times
    3181 (0.04%) aligned concordantly exactly 1 time
    7814 (0.11%) aligned concordantly >1 times
0.15% overall alignment rate
paired_SRR5650117
16839166 reads; of these:
  16839166 (100.00%) were paired; of these:
    16738093 (99.40%) aligned concordantly 0 times
    38303 (0.23%) aligned concordantly exactly 1 time
    62770 (0.37%) aligned concordantly >1 times
0.60% overall alignment rate
paired_SRR5650118
18264233 reads; of these:
  18264233 (100.00%) were paired; of these:
    18203514 (99.67%) aligned concordantly 0 times
    47711 (0.26%) aligned concordantly exactly 1 time
    13008 (0.07%) aligned concordantly >1 times
0.33% overall alignment rate
paired_SRR5650119
22708539 reads; of these:
  22708539 (100.00%) were paired; of these:
    22570290 (99.39%) aligned concordantly 0 times
    94374 (0.42%) aligned concordantly exactly 1 time
    43875 (0.19%) aligned concordantly >1 times
0.61% overall alignment rate
paired_SRR5650120
19579353 reads; of these:
  19579353 (100.00%) were paired; of these:
    19497738 (99.58%) aligned concordantly 0 times
    56909 (0.29%) aligned concordantly exactly 1 time
    24706 (0.13%) aligned concordantly >1 times
0.42% overall alignment rate
paired_SRR5650121
8600648 reads; of these:
  8600648 (100.00%) were paired; of these:
    8525315 (99.12%) aligned concordantly 0 times
    53576 (0.62%) aligned concordantly exactly 1 time
    21757 (0.25%) aligned concordantly >1 times
0.88% overall alignment rate
paired_SRR5650122
7099025 reads; of these:
  7099025 (100.00%) were paired; of these:
    7059944 (99.45%) aligned concordantly 0 times
    18167 (0.26%) aligned concordantly exactly 1 time
    20914 (0.29%) aligned concordantly >1 times
0.55% overall alignment rate
paired_SRR5650123
12290987 reads; of these:
  12290987 (100.00%) were paired; of these:
    12265825 (99.80%) aligned concordantly 0 times
    19444 (0.16%) aligned concordantly exactly 1 time
    5718 (0.05%) aligned concordantly >1 times
0.20% overall alignment rate
paired_SRR5650124
9665651 reads; of these:
  9665651 (100.00%) were paired; of these:
    9600642 (99.33%) aligned concordantly 0 times
    50638 (0.52%) aligned concordantly exactly 1 time
    14371 (0.15%) aligned concordantly >1 times
0.67% overall alignment rate
paired_SRR5650125
20506454 reads; of these:
  20506454 (100.00%) were paired; of these:
    20445048 (99.70%) aligned concordantly 0 times
    31113 (0.15%) aligned concordantly exactly 1 time
    30293 (0.15%) aligned concordantly >1 times
0.30% overall alignment rate
paired_SRR5650126
8722779 reads; of these:
  8722779 (100.00%) were paired; of these:
    8688419 (99.61%) aligned concordantly 0 times
    21279 (0.24%) aligned concordantly exactly 1 time
    13081 (0.15%) aligned concordantly >1 times
0.39% overall alignment rate
paired_SRR5650127
8200668 reads; of these:
  8200668 (100.00%) were paired; of these:
    8148030 (99.36%) aligned concordantly 0 times
    19637 (0.24%) aligned concordantly exactly 1 time
    33001 (0.40%) aligned concordantly >1 times
0.64% overall alignment rate
paired_SRR5650128
19080222 reads; of these:
  19080222 (100.00%) were paired; of these:
    18916574 (99.14%) aligned concordantly 0 times
    57494 (0.30%) aligned concordantly exactly 1 time
    106154 (0.56%) aligned concordantly >1 times
0.86% overall alignment rate
paired_SRR5650129
26317733 reads; of these:
  26317733 (100.00%) were paired; of these:
    26154807 (99.38%) aligned concordantly 0 times
    55626 (0.21%) aligned concordantly exactly 1 time
    107300 (0.41%) aligned concordantly >1 times
0.62% overall alignment rate
paired_SRR5650130
10620543 reads; of these:
  10620543 (100.00%) were paired; of these:
    10572281 (99.55%) aligned concordantly 0 times
    14322 (0.13%) aligned concordantly exactly 1 time
    33940 (0.32%) aligned concordantly >1 times
0.45% overall alignment rate
paired_SRR5650131
3172629 reads; of these:
  3172629 (100.00%) were paired; of these:
    3153238 (99.39%) aligned concordantly 0 times
    7442 (0.23%) aligned concordantly exactly 1 time
    11949 (0.38%) aligned concordantly >1 times
0.61% overall alignment rate
paired_SRR5650132
59139389 reads; of these:
  59139389 (100.00%) were paired; of these:
    58480528 (98.89%) aligned concordantly 0 times
    251596 (0.43%) aligned concordantly exactly 1 time
    407265 (0.69%) aligned concordantly >1 times
1.11% overall alignment rate
paired_SRR5650133
53496190 reads; of these:
  53496190 (100.00%) were paired; of these:
    52995408 (99.06%) aligned concordantly 0 times
    212950 (0.40%) aligned concordantly exactly 1 time
    287832 (0.54%) aligned concordantly >1 times
0.94% overall alignment rate
paired_SRR5650134
9780647 reads; of these:
  9780647 (100.00%) were paired; of these:
    9675343 (98.92%) aligned concordantly 0 times
    51014 (0.52%) aligned concordantly exactly 1 time
    54290 (0.56%) aligned concordantly >1 times
1.08% overall alignment rate
paired_SRR5650135
8117981 reads; of these:
  8117981 (100.00%) were paired; of these:
    8071620 (99.43%) aligned concordantly 0 times
    17167 (0.21%) aligned concordantly exactly 1 time
    29194 (0.36%) aligned concordantly >1 times
0.57% overall alignment rate
paired_SRR5650136
20323505 reads; of these:
  20323505 (100.00%) were paired; of these:
    20172800 (99.26%) aligned concordantly 0 times
    54130 (0.27%) aligned concordantly exactly 1 time
    96575 (0.48%) aligned concordantly >1 times
0.74% overall alignment rate
paired_SRR5650137
9938708 reads; of these:
  9938708 (100.00%) were paired; of these:
    9860077 (99.21%) aligned concordantly 0 times
    36151 (0.36%) aligned concordantly exactly 1 time
    42480 (0.43%) aligned concordantly >1 times
0.79% overall alignment rate
paired_SRR5650138
14654106 reads; of these:
  14654106 (100.00%) were paired; of these:
    14526271 (99.13%) aligned concordantly 0 times
    49162 (0.34%) aligned concordantly exactly 1 time
    78673 (0.54%) aligned concordantly >1 times
0.87% overall alignment rate
paired_SRR5650139
17277772 reads; of these:
  17277772 (100.00%) were paired; of these:
    17188201 (99.48%) aligned concordantly 0 times
    46764 (0.27%) aligned concordantly exactly 1 time
    42807 (0.25%) aligned concordantly >1 times
0.52% overall alignment rate
paired_SRR5650140
23519914 reads; of these:
  23519914 (100.00%) were paired; of these:
    23411314 (99.54%) aligned concordantly 0 times
    50881 (0.22%) aligned concordantly exactly 1 time
    57719 (0.25%) aligned concordantly >1 times
0.46% overall alignment rate
paired_SRR5650141
26236593 reads; of these:
  26236593 (100.00%) were paired; of these:
    26016485 (99.16%) aligned concordantly 0 times
    62337 (0.24%) aligned concordantly exactly 1 time
    157771 (0.60%) aligned concordantly >1 times
0.84% overall alignment rate
paired_SRR5650142
17106919 reads; of these:
  17106919 (100.00%) were paired; of these:
    17006303 (99.41%) aligned concordantly 0 times
    40417 (0.24%) aligned concordantly exactly 1 time
    60199 (0.35%) aligned concordantly >1 times
0.59% overall alignment rate
paired_SRR5650143
63098696 reads; of these:
  63098696 (100.00%) were paired; of these:
    62316192 (98.76%) aligned concordantly 0 times
    350816 (0.56%) aligned concordantly exactly 1 time
    431688 (0.68%) aligned concordantly >1 times
1.24% overall alignment rate
paired_SRR5650144
9762478 reads; of these:
  9762478 (100.00%) were paired; of these:
    9701304 (99.37%) aligned concordantly 0 times
    26198 (0.27%) aligned concordantly exactly 1 time
    34976 (0.36%) aligned concordantly >1 times
0.63% overall alignment rate
paired_SRR5650145
14530603 reads; of these:
  14530603 (100.00%) were paired; of these:
    14448413 (99.43%) aligned concordantly 0 times
    27554 (0.19%) aligned concordantly exactly 1 time
    54636 (0.38%) aligned concordantly >1 times
0.57% overall alignment rate
paired_SRR5650146
14905617 reads; of these:
  14905617 (100.00%) were paired; of these:
    14812036 (99.37%) aligned concordantly 0 times
    27819 (0.19%) aligned concordantly exactly 1 time
    65762 (0.44%) aligned concordantly >1 times
0.63% overall alignment rate
paired_SRR5650147
22211089 reads; of these:
  22211089 (100.00%) were paired; of these:
    22046068 (99.26%) aligned concordantly 0 times
    67406 (0.30%) aligned concordantly exactly 1 time
    97615 (0.44%) aligned concordantly >1 times
0.74% overall alignment rate
paired_SRR5650148
22842733 reads; of these:
  22842733 (100.00%) were paired; of these:
    22698426 (99.37%) aligned concordantly 0 times
    55118 (0.24%) aligned concordantly exactly 1 time
    89189 (0.39%) aligned concordantly >1 times
0.63% overall alignment rate
paired_SRR5650149
15786686 reads; of these:
  15786686 (100.00%) were paired; of these:
    15641676 (99.08%) aligned concordantly 0 times
    48431 (0.31%) aligned concordantly exactly 1 time
    96579 (0.61%) aligned concordantly >1 times
0.92% overall alignment rate
paired_SRR5650150
25446392 reads; of these:
  25446392 (100.00%) were paired; of these:
    25269414 (99.30%) aligned concordantly 0 times
    42453 (0.17%) aligned concordantly exactly 1 time
    134525 (0.53%) aligned concordantly >1 times
0.70% overall alignment rate
paired_SRR5650151
14287127 reads; of these:
  14287127 (100.00%) were paired; of these:
    14181917 (99.26%) aligned concordantly 0 times
    39431 (0.28%) aligned concordantly exactly 1 time
    65779 (0.46%) aligned concordantly >1 times
0.74% overall alignment rate
paired_SRR5650152
18922224 reads; of these:
  18922224 (100.00%) were paired; of these:
    18782685 (99.26%) aligned concordantly 0 times
    52387 (0.28%) aligned concordantly exactly 1 time
    87152 (0.46%) aligned concordantly >1 times
0.74% overall alignment rate
paired_SRR5650153
8251884 reads; of these:
  8251884 (100.00%) were paired; of these:
    8189123 (99.24%) aligned concordantly 0 times
    24169 (0.29%) aligned concordantly exactly 1 time
    38592 (0.47%) aligned concordantly >1 times
0.76% overall alignment rate
paired_SRR5650154
5964195 reads; of these:
  5964195 (100.00%) were paired; of these:
    5917136 (99.21%) aligned concordantly 0 times
    16560 (0.28%) aligned concordantly exactly 1 time
    30499 (0.51%) aligned concordantly >1 times
0.79% overall alignment rate
paired_SRR5650155
9460162 reads; of these:
  9460162 (100.00%) were paired; of these:
    9391299 (99.27%) aligned concordantly 0 times
    26971 (0.29%) aligned concordantly exactly 1 time
    41892 (0.44%) aligned concordantly >1 times
0.73% overall alignment rate
paired_SRR5650156
26564189 reads; of these:
  26564189 (100.00%) were paired; of these:
    26343891 (99.17%) aligned concordantly 0 times
    85874 (0.32%) aligned concordantly exactly 1 time
    134424 (0.51%) aligned concordantly >1 times
0.83% overall alignment rate
paired_SRR5650157
15508946 reads; of these:
  15508946 (100.00%) were paired; of these:
    15405484 (99.33%) aligned concordantly 0 times
    45291 (0.29%) aligned concordantly exactly 1 time
    58171 (0.38%) aligned concordantly >1 times
0.67% overall alignment rate
paired_SRR5650158
22343800 reads; of these:
  22343800 (100.00%) were paired; of these:
    22181932 (99.28%) aligned concordantly 0 times
    34182 (0.15%) aligned concordantly exactly 1 time
    127686 (0.57%) aligned concordantly >1 times
0.72% overall alignment rate
paired_SRR5650159
19585484 reads; of these:
  19585484 (100.00%) were paired; of these:
    19464912 (99.38%) aligned concordantly 0 times
    43156 (0.22%) aligned concordantly exactly 1 time
    77416 (0.40%) aligned concordantly >1 times
0.62% overall alignment rate
