paired_SRR3131692
2702031 reads; of these:
  2702031 (100.00%) were paired; of these:
    2665394 (98.64%) aligned concordantly 0 times
    64 (0.00%) aligned concordantly exactly 1 time
    36573 (1.35%) aligned concordantly >1 times
1.36% overall alignment rate
paired_SRR3131694
3242865 reads; of these:
  3242865 (100.00%) were paired; of these:
    3223067 (99.39%) aligned concordantly 0 times
    13665 (0.42%) aligned concordantly exactly 1 time
    6133 (0.19%) aligned concordantly >1 times
0.61% overall alignment rate
paired_SRR3131696
2313356 reads; of these:
  2313356 (100.00%) were paired; of these:
    2311609 (99.92%) aligned concordantly 0 times
    597 (0.03%) aligned concordantly exactly 1 time
    1150 (0.05%) aligned concordantly >1 times
0.08% overall alignment rate
paired_SRR3131698
3932399 reads; of these:
  3932399 (100.00%) were paired; of these:
    3907010 (99.35%) aligned concordantly 0 times
    25296 (0.64%) aligned concordantly exactly 1 time
    93 (0.00%) aligned concordantly >1 times
0.65% overall alignment rate
paired_SRR3131700
613417 reads; of these:
  613417 (100.00%) were paired; of these:
    610663 (99.55%) aligned concordantly 0 times
    57 (0.01%) aligned concordantly exactly 1 time
    2697 (0.44%) aligned concordantly >1 times
0.45% overall alignment rate
paired_SRR3131702
8987162 reads; of these:
  8987162 (100.00%) were paired; of these:
    8940858 (99.48%) aligned concordantly 0 times
    623 (0.01%) aligned concordantly exactly 1 time
    45681 (0.51%) aligned concordantly >1 times
0.52% overall alignment rate
paired_SRR3131704
6589475 reads; of these:
  6589475 (100.00%) were paired; of these:
    6531187 (99.12%) aligned concordantly 0 times
    7305 (0.11%) aligned concordantly exactly 1 time
    50983 (0.77%) aligned concordantly >1 times
0.88% overall alignment rate
paired_SRR3131706
2210621 reads; of these:
  2210621 (100.00%) were paired; of these:
    2210193 (99.98%) aligned concordantly 0 times
    268 (0.01%) aligned concordantly exactly 1 time
    160 (0.01%) aligned concordantly >1 times
0.02% overall alignment rate
paired_SRR3131708
5297937 reads; of these:
  5297937 (100.00%) were paired; of these:
    5290399 (99.86%) aligned concordantly 0 times
    7062 (0.13%) aligned concordantly exactly 1 time
    476 (0.01%) aligned concordantly >1 times
0.14% overall alignment rate
paired_SRR3131710
2643173 reads; of these:
  2643173 (100.00%) were paired; of these:
    2622525 (99.22%) aligned concordantly 0 times
    338 (0.01%) aligned concordantly exactly 1 time
    20310 (0.77%) aligned concordantly >1 times
0.78% overall alignment rate
paired_SRR3131712
3905572 reads; of these:
  3905572 (100.00%) were paired; of these:
    3905124 (99.99%) aligned concordantly 0 times
    265 (0.01%) aligned concordantly exactly 1 time
    183 (0.00%) aligned concordantly >1 times
0.01% overall alignment rate
paired_SRR3131714
4548344 reads; of these:
  4548344 (100.00%) were paired; of these:
    4536303 (99.74%) aligned concordantly 0 times
    10459 (0.23%) aligned concordantly exactly 1 time
    1582 (0.03%) aligned concordantly >1 times
0.26% overall alignment rate
paired_SRR3131716
1664591 reads; of these:
  1664591 (100.00%) were paired; of these:
    1658014 (99.60%) aligned concordantly 0 times
    1700 (0.10%) aligned concordantly exactly 1 time
    4877 (0.29%) aligned concordantly >1 times
0.40% overall alignment rate
paired_SRR3131718
3375874 reads; of these:
  3375874 (100.00%) were paired; of these:
    3300411 (97.76%) aligned concordantly 0 times
    2174 (0.06%) aligned concordantly exactly 1 time
    73289 (2.17%) aligned concordantly >1 times
2.24% overall alignment rate
paired_SRR3131720
2238355 reads; of these:
  2238355 (100.00%) were paired; of these:
    2238140 (99.99%) aligned concordantly 0 times
    23 (0.00%) aligned concordantly exactly 1 time
    192 (0.01%) aligned concordantly >1 times
0.01% overall alignment rate
paired_SRR3131722
1980971 reads; of these:
  1980971 (100.00%) were paired; of these:
    1955716 (98.73%) aligned concordantly 0 times
    38 (0.00%) aligned concordantly exactly 1 time
    25217 (1.27%) aligned concordantly >1 times
1.27% overall alignment rate
paired_SRR3131724
1286534 reads; of these:
  1286534 (100.00%) were paired; of these:
    1278835 (99.40%) aligned concordantly 0 times
    550 (0.04%) aligned concordantly exactly 1 time
    7149 (0.56%) aligned concordantly >1 times
0.60% overall alignment rate
paired_SRR3131726
7874479 reads; of these:
  7874479 (100.00%) were paired; of these:
    7794279 (98.98%) aligned concordantly 0 times
    69915 (0.89%) aligned concordantly exactly 1 time
    10285 (0.13%) aligned concordantly >1 times
1.02% overall alignment rate
paired_SRR3131728
8475771 reads; of these:
  8475771 (100.00%) were paired; of these:
    8295480 (97.87%) aligned concordantly 0 times
    149400 (1.76%) aligned concordantly exactly 1 time
    30891 (0.36%) aligned concordantly >1 times
2.13% overall alignment rate
paired_SRR3131730
4497972 reads; of these:
  4497972 (100.00%) were paired; of these:
    4450692 (98.95%) aligned concordantly 0 times
    6075 (0.14%) aligned concordantly exactly 1 time
    41205 (0.92%) aligned concordantly >1 times
1.05% overall alignment rate
paired_SRR3131732
1342144 reads; of these:
  1342144 (100.00%) were paired; of these:
    1341094 (99.92%) aligned concordantly 0 times
    412 (0.03%) aligned concordantly exactly 1 time
    638 (0.05%) aligned concordantly >1 times
0.08% overall alignment rate
paired_SRR3131734
2741894 reads; of these:
  2741894 (100.00%) were paired; of these:
    2720195 (99.21%) aligned concordantly 0 times
    9895 (0.36%) aligned concordantly exactly 1 time
    11804 (0.43%) aligned concordantly >1 times
0.79% overall alignment rate
paired_SRR3131736
1781765 reads; of these:
  1781765 (100.00%) were paired; of these:
    1757424 (98.63%) aligned concordantly 0 times
    317 (0.02%) aligned concordantly exactly 1 time
    24024 (1.35%) aligned concordantly >1 times
1.37% overall alignment rate
paired_SRR3131738
2846367 reads; of these:
  2846367 (100.00%) were paired; of these:
    2809640 (98.71%) aligned concordantly 0 times
    12905 (0.45%) aligned concordantly exactly 1 time
    23822 (0.84%) aligned concordantly >1 times
1.29% overall alignment rate
paired_SRR3131740
3218763 reads; of these:
  3218763 (100.00%) were paired; of these:
    3216967 (99.94%) aligned concordantly 0 times
    594 (0.02%) aligned concordantly exactly 1 time
    1202 (0.04%) aligned concordantly >1 times
0.06% overall alignment rate
paired_SRR3131742
1892438 reads; of these:
  1892438 (100.00%) were paired; of these:
    1887529 (99.74%) aligned concordantly 0 times
    929 (0.05%) aligned concordantly exactly 1 time
    3980 (0.21%) aligned concordantly >1 times
0.26% overall alignment rate
paired_SRR3131744
2400513 reads; of these:
  2400513 (100.00%) were paired; of these:
    2387499 (99.46%) aligned concordantly 0 times
    3387 (0.14%) aligned concordantly exactly 1 time
    9627 (0.40%) aligned concordantly >1 times
0.54% overall alignment rate
paired_SRR3131746
3745193 reads; of these:
  3745193 (100.00%) were paired; of these:
    3722405 (99.39%) aligned concordantly 0 times
    4587 (0.12%) aligned concordantly exactly 1 time
    18201 (0.49%) aligned concordantly >1 times
0.61% overall alignment rate
paired_SRR3131748
2654841 reads; of these:
  2654841 (100.00%) were paired; of these:
    2654064 (99.97%) aligned concordantly 0 times
    549 (0.02%) aligned concordantly exactly 1 time
    228 (0.01%) aligned concordantly >1 times
0.03% overall alignment rate
paired_SRR3131750
1867958 reads; of these:
  1867958 (100.00%) were paired; of these:
    1867625 (99.98%) aligned concordantly 0 times
    114 (0.01%) aligned concordantly exactly 1 time
    219 (0.01%) aligned concordantly >1 times
0.02% overall alignment rate
paired_SRR3131752
1889864 reads; of these:
  1889864 (100.00%) were paired; of these:
    1877680 (99.36%) aligned concordantly 0 times
    2136 (0.11%) aligned concordantly exactly 1 time
    10048 (0.53%) aligned concordantly >1 times
0.64% overall alignment rate
paired_SRR3131754
3032508 reads; of these:
  3032508 (100.00%) were paired; of these:
    3015003 (99.42%) aligned concordantly 0 times
    30 (0.00%) aligned concordantly exactly 1 time
    17475 (0.58%) aligned concordantly >1 times
0.58% overall alignment rate
paired_SRR3131756
1759389 reads; of these:
  1759389 (100.00%) were paired; of these:
    1744321 (99.14%) aligned concordantly 0 times
    9017 (0.51%) aligned concordantly exactly 1 time
    6051 (0.34%) aligned concordantly >1 times
0.86% overall alignment rate
paired_SRR3131758
10190844 reads; of these:
  10190844 (100.00%) were paired; of these:
    10058068 (98.70%) aligned concordantly 0 times
    320 (0.00%) aligned concordantly exactly 1 time
    132456 (1.30%) aligned concordantly >1 times
1.30% overall alignment rate
paired_SRR3131760
6935424 reads; of these:
  6935424 (100.00%) were paired; of these:
    6847899 (98.74%) aligned concordantly 0 times
    4681 (0.07%) aligned concordantly exactly 1 time
    82844 (1.19%) aligned concordantly >1 times
1.26% overall alignment rate
paired_SRR3131762
3546532 reads; of these:
  3546532 (100.00%) were paired; of these:
    3520644 (99.27%) aligned concordantly 0 times
    2371 (0.07%) aligned concordantly exactly 1 time
    23517 (0.66%) aligned concordantly >1 times
0.73% overall alignment rate
paired_SRR3131764
11201498 reads; of these:
  11201498 (100.00%) were paired; of these:
    11172376 (99.74%) aligned concordantly 0 times
    7786 (0.07%) aligned concordantly exactly 1 time
    21336 (0.19%) aligned concordantly >1 times
0.26% overall alignment rate
paired_SRR3131766
3051179 reads; of these:
  3051179 (100.00%) were paired; of these:
    3021303 (99.02%) aligned concordantly 0 times
    623 (0.02%) aligned concordantly exactly 1 time
    29253 (0.96%) aligned concordantly >1 times
0.98% overall alignment rate
paired_SRR3131768
3222709 reads; of these:
  3222709 (100.00%) were paired; of these:
    3143917 (97.56%) aligned concordantly 0 times
    5109 (0.16%) aligned concordantly exactly 1 time
    73683 (2.29%) aligned concordantly >1 times
2.44% overall alignment rate
paired_SRR3131770
4877868 reads; of these:
  4877868 (100.00%) were paired; of these:
    4743144 (97.24%) aligned concordantly 0 times
    3199 (0.07%) aligned concordantly exactly 1 time
    131525 (2.70%) aligned concordantly >1 times
2.76% overall alignment rate
paired_SRR3131772
3425748 reads; of these:
  3425748 (100.00%) were paired; of these:
    3422957 (99.92%) aligned concordantly 0 times
    758 (0.02%) aligned concordantly exactly 1 time
    2033 (0.06%) aligned concordantly >1 times
0.08% overall alignment rate
paired_SRR3131774
1879734 reads; of these:
  1879734 (100.00%) were paired; of these:
    1877290 (99.87%) aligned concordantly 0 times
    1268 (0.07%) aligned concordantly exactly 1 time
    1176 (0.06%) aligned concordantly >1 times
0.13% overall alignment rate
paired_SRR3131776
1593170 reads; of these:
  1593170 (100.00%) were paired; of these:
    1581566 (99.27%) aligned concordantly 0 times
    3044 (0.19%) aligned concordantly exactly 1 time
    8560 (0.54%) aligned concordantly >1 times
0.73% overall alignment rate
paired_SRR3131778
6194280 reads; of these:
  6194280 (100.00%) were paired; of these:
    6194279 (100.00%) aligned concordantly 0 times
    0 (0.00%) aligned concordantly exactly 1 time
    1 (0.00%) aligned concordantly >1 times
0.00% overall alignment rate
paired_SRR3131780
1755292 reads; of these:
  1755292 (100.00%) were paired; of these:
    1725545 (98.31%) aligned concordantly 0 times
    8 (0.00%) aligned concordantly exactly 1 time
    29739 (1.69%) aligned concordantly >1 times
1.69% overall alignment rate
paired_SRR3131782
8972765 reads; of these:
  8972765 (100.00%) were paired; of these:
    8936702 (99.60%) aligned concordantly 0 times
    6113 (0.07%) aligned concordantly exactly 1 time
    29950 (0.33%) aligned concordantly >1 times
0.40% overall alignment rate
paired_SRR3131784
1156992 reads; of these:
  1156992 (100.00%) were paired; of these:
    1156986 (100.00%) aligned concordantly 0 times
    1 (0.00%) aligned concordantly exactly 1 time
    5 (0.00%) aligned concordantly >1 times
0.00% overall alignment rate
paired_SRR3131786
2653278 reads; of these:
  2653278 (100.00%) were paired; of these:
    2609991 (98.37%) aligned concordantly 0 times
    58 (0.00%) aligned concordantly exactly 1 time
    43229 (1.63%) aligned concordantly >1 times
1.63% overall alignment rate
paired_SRR3131788
3330219 reads; of these:
  3330219 (100.00%) were paired; of these:
    3305358 (99.25%) aligned concordantly 0 times
    608 (0.02%) aligned concordantly exactly 1 time
    24253 (0.73%) aligned concordantly >1 times
0.75% overall alignment rate
paired_SRR3131790
3642003 reads; of these:
  3642003 (100.00%) were paired; of these:
    3610993 (99.15%) aligned concordantly 0 times
    170 (0.00%) aligned concordantly exactly 1 time
    30840 (0.85%) aligned concordantly >1 times
0.85% overall alignment rate
paired_SRR3131812
3524874 reads; of these:
  3524874 (100.00%) were paired; of these:
    3513134 (99.67%) aligned concordantly 0 times
    10324 (0.29%) aligned concordantly exactly 1 time
    1416 (0.04%) aligned concordantly >1 times
0.33% overall alignment rate
